<?xml version="1.0" encoding="UTF-8" ?>
<testsuite tests="103" failures="0" name="org.apache.struts.taglib.TestTagUtils" time="0.192" errors="0" skipped="0">
  <properties>
    <property name="java.runtime.name" value="OpenJDK Runtime Environment"/>
    <property name="sun.boot.library.path" value="/usr/lib/jvm/zulu-8-amd64/jre/lib/amd64"/>
    <property name="java.vm.version" value="25.402-b06"/>
    <property name="jdk.vendor.version" value="Zulu 8.76.0.17-CA-linux64"/>
    <property name="java.vm.vendor" value="Azul Systems, Inc."/>
    <property name="maven.multiModuleProjectDirectory" value="/home/abdul/Documents/Work/Struts1/struts1-STRUTS_1_3_10"/>
    <property name="java.vendor.url" value="http://www.azul.com/"/>
    <property name="path.separator" value=":"/>
    <property name="guice.disable.misplaced.annotation.check" value="true"/>
    <property name="java.vm.name" value="OpenJDK 64-Bit Server VM"/>
    <property name="file.encoding.pkg" value="sun.io"/>
    <property name="user.country" value="IN"/>
    <property name="sun.java.launcher" value="SUN_STANDARD"/>
    <property name="sun.os.patch.level" value="unknown"/>
    <property name="java.vm.specification.name" value="Java Virtual Machine Specification"/>
    <property name="user.dir" value="/home/abdul/Documents/Work/Struts1/struts1-STRUTS_1_3_10"/>
    <property name="java.runtime.version" value="1.8.0_402-b06"/>
    <property name="java.awt.graphicsenv" value="sun.awt.X11GraphicsEnvironment"/>
    <property name="java.endorsed.dirs" value="/usr/lib/jvm/zulu-8-amd64/jre/lib/endorsed"/>
    <property name="os.arch" value="amd64"/>
    <property name="java.io.tmpdir" value="/tmp"/>
    <property name="line.separator" value="
"/>
    <property name="java.vm.specification.vendor" value="Oracle Corporation"/>
    <property name="os.name" value="Linux"/>
    <property name="classworlds.conf" value="/usr/share/maven/bin/m2.conf"/>
    <property name="sun.jnu.encoding" value="UTF-8"/>
    <property name="java.library.path" value="/usr/java/packages/lib/amd64:/usr/lib64:/lib64:/lib:/usr/lib"/>
    <property name="maven.conf" value="/usr/share/maven/conf"/>
    <property name="java.specification.name" value="Java Platform API Specification"/>
    <property name="java.class.version" value="52.0"/>
    <property name="sun.management.compiler" value="HotSpot 64-Bit Tiered Compilers"/>
    <property name="os.version" value="5.4.0-150-generic"/>
    <property name="library.jansi.path" value="/usr/share/maven/lib/jansi-native"/>
    <property name="user.home" value="/home/abdul"/>
    <property name="user.timezone" value="Asia/Kolkata"/>
    <property name="java.awt.printerjob" value="sun.print.PSPrinterJob"/>
    <property name="java.specification.version" value="1.8"/>
    <property name="file.encoding" value="UTF-8"/>
    <property name="user.name" value="abdul"/>
    <property name="java.class.path" value="/usr/share/maven/boot/plexus-classworlds-2.x.jar"/>
    <property name="java.vm.specification.version" value="1.8"/>
    <property name="sun.arch.data.model" value="64"/>
    <property name="java.home" value="/usr/lib/jvm/zulu-8-amd64/jre"/>
    <property name="sun.java.command" value="org.codehaus.plexus.classworlds.launcher.Launcher -e clean package"/>
    <property name="java.specification.vendor" value="Oracle Corporation"/>
    <property name="user.language" value="en"/>
    <property name="awt.toolkit" value="sun.awt.X11.XToolkit"/>
    <property name="java.vm.info" value="mixed mode"/>
    <property name="java.version" value="1.8.0_402"/>
    <property name="java.ext.dirs" value="/usr/lib/jvm/zulu-8-amd64/jre/lib/ext:/usr/java/packages/lib/ext"/>
    <property name="securerandom.source" value="file:/dev/./urandom"/>
    <property name="sun.boot.class.path" value="/usr/lib/jvm/zulu-8-amd64/jre/lib/resources.jar:/usr/lib/jvm/zulu-8-amd64/jre/lib/rt.jar:/usr/lib/jvm/zulu-8-amd64/jre/lib/sunrsasign.jar:/usr/lib/jvm/zulu-8-amd64/jre/lib/jsse.jar:/usr/lib/jvm/zulu-8-amd64/jre/lib/jce.jar:/usr/lib/jvm/zulu-8-amd64/jre/lib/charsets.jar:/usr/lib/jvm/zulu-8-amd64/jre/lib/jfr.jar:/usr/lib/jvm/zulu-8-amd64/jre/lib/cat.jar:/usr/lib/jvm/zulu-8-amd64/jre/classes"/>
    <property name="java.vendor" value="Azul Systems, Inc."/>
    <property name="java.specification.maintenance.version" value="5"/>
    <property name="maven.home" value="/usr/share/maven"/>
    <property name="file.separator" value="/"/>
    <property name="java.vendor.url.bug" value="http://www.azul.com/support/"/>
    <property name="sun.cpu.endian" value="little"/>
    <property name="sun.io.unicode.encoding" value="UnicodeLittle"/>
    <property name="sun.desktop" value="gnome"/>
    <property name="sun.cpu.isalist" value=""/>
  </properties>
  <testcase classname="org.apache.struts.taglib.TestTagUtils" name="testComputeParametersBeanNotFound" time="0.052"/>
  <testcase classname="org.apache.struts.taglib.TestTagUtils" name="testComputeParametersParamValueToString" time="0.079"/>
  <testcase classname="org.apache.struts.taglib.TestTagUtils" name="testComputeParameters1a" time="0.001"/>
  <testcase classname="org.apache.struts.taglib.TestTagUtils" name="testComputeParameters1b" time="0"/>
  <testcase classname="org.apache.struts.taglib.TestTagUtils" name="testComputeParameters1c" time="0"/>
  <testcase classname="org.apache.struts.taglib.TestTagUtils" name="testComputeParameters2a" time="0.001"/>
  <testcase classname="org.apache.struts.taglib.TestTagUtils" name="testComputeParameters2b" time="0"/>
  <testcase classname="org.apache.struts.taglib.TestTagUtils" name="testComputeParameters2c" time="0"/>
  <testcase classname="org.apache.struts.taglib.TestTagUtils" name="testComputeParameters2d" time="0.001"/>
  <testcase classname="org.apache.struts.taglib.TestTagUtils" name="testComputeParameters3a" time="0"/>
  <testcase classname="org.apache.struts.taglib.TestTagUtils" name="testComputeParameters3aa" time="0.001"/>
  <testcase classname="org.apache.struts.taglib.TestTagUtils" name="testComputeParameters3b" time="0"/>
  <testcase classname="org.apache.struts.taglib.TestTagUtils" name="testComputeURL1a" time="0.007"/>
  <testcase classname="org.apache.struts.taglib.TestTagUtils" name="testComputeURL1b" time="0"/>
  <testcase classname="org.apache.struts.taglib.TestTagUtils" name="testComputeURL1c" time="0"/>
  <testcase classname="org.apache.struts.taglib.TestTagUtils" name="testComputeURL1d" time="0"/>
  <testcase classname="org.apache.struts.taglib.TestTagUtils" name="testComputeURL1e" time="0"/>
  <testcase classname="org.apache.struts.taglib.TestTagUtils" name="testComputeURL1f" time="0.001"/>
  <testcase classname="org.apache.struts.taglib.TestTagUtils" name="testComputeURL1g" time="0"/>
  <testcase classname="org.apache.struts.taglib.TestTagUtils" name="testComputeURL1h" time="0.001"/>
  <testcase classname="org.apache.struts.taglib.TestTagUtils" name="testComputeURL2a" time="0"/>
  <testcase classname="org.apache.struts.taglib.TestTagUtils" name="testComputeURL2b" time="0"/>
  <testcase classname="org.apache.struts.taglib.TestTagUtils" name="testComputeURL2c" time="0.001"/>
  <testcase classname="org.apache.struts.taglib.TestTagUtils" name="testComputeURL2d" time="0"/>
  <testcase classname="org.apache.struts.taglib.TestTagUtils" name="testComputeURL2e" time="0"/>
  <testcase classname="org.apache.struts.taglib.TestTagUtils" name="testComputeURL2f" time="0"/>
  <testcase classname="org.apache.struts.taglib.TestTagUtils" name="testComputeURL2g" time="0"/>
  <testcase classname="org.apache.struts.taglib.TestTagUtils" name="testComputeURL2h" time="0.001"/>
  <testcase classname="org.apache.struts.taglib.TestTagUtils" name="testComputeURL3a" time="0.002"/>
  <testcase classname="org.apache.struts.taglib.TestTagUtils" name="testComputeURL3b" time="0"/>
  <testcase classname="org.apache.struts.taglib.TestTagUtils" name="testComputeURL3c" time="0"/>
  <testcase classname="org.apache.struts.taglib.TestTagUtils" name="testComputeURL3d" time="0"/>
  <testcase classname="org.apache.struts.taglib.TestTagUtils" name="testComputeURL3e" time="0.001"/>
  <testcase classname="org.apache.struts.taglib.TestTagUtils" name="testComputeURL3f" time="0.001"/>
  <testcase classname="org.apache.struts.taglib.TestTagUtils" name="testComputeURL3g" time="0"/>
  <testcase classname="org.apache.struts.taglib.TestTagUtils" name="testComputeURL3h" time="0.001"/>
  <testcase classname="org.apache.struts.taglib.TestTagUtils" name="testComputeURL3i" time="0"/>
  <testcase classname="org.apache.struts.taglib.TestTagUtils" name="testComputeURL3j" time="0"/>
  <testcase classname="org.apache.struts.taglib.TestTagUtils" name="testComputeURL3k" time="0"/>
  <testcase classname="org.apache.struts.taglib.TestTagUtils" name="testComputeURL3l" time="0"/>
  <testcase classname="org.apache.struts.taglib.TestTagUtils" name="testComputeURL3m" time="0.001"/>
  <testcase classname="org.apache.struts.taglib.TestTagUtils" name="testComputeURLCharacterEncoding" time="0"/>
  <testcase classname="org.apache.struts.taglib.TestTagUtils" name="testComputeURLCharacterEncodingMultipleSpecifier" time="0"/>
  <testcase classname="org.apache.struts.taglib.TestTagUtils" name="testComputeURLCharacterEncodingAction" time="0.002"/>
  <testcase classname="org.apache.struts.taglib.TestTagUtils" name="testComputeParameters0b" time="0"/>
  <testcase classname="org.apache.struts.taglib.TestTagUtils" name="testPageURL1" time="0"/>
  <testcase classname="org.apache.struts.taglib.TestTagUtils" name="testPageURL2" time="0"/>
  <testcase classname="org.apache.struts.taglib.TestTagUtils" name="testPageURL3a" time="0"/>
  <testcase classname="org.apache.struts.taglib.TestTagUtils" name="testPageURL3b" time="0"/>
  <testcase classname="org.apache.struts.taglib.TestTagUtils" name="testencodeURL1" time="0"/>
  <testcase classname="org.apache.struts.taglib.TestTagUtils" name="testGetActionErrors1a" time="0.002"/>
  <testcase classname="org.apache.struts.taglib.TestTagUtils" name="testGetActionErrors1b" time="0.001"/>
  <testcase classname="org.apache.struts.taglib.TestTagUtils" name="testGetActionErrors1c" time="0"/>
  <testcase classname="org.apache.struts.taglib.TestTagUtils" name="testGetActionErrors1d" time="0"/>
  <testcase classname="org.apache.struts.taglib.TestTagUtils" name="testGetActionErrors1e" time="0"/>
  <testcase classname="org.apache.struts.taglib.TestTagUtils" name="testGetActionMappingName1" time="0.001"/>
  <testcase classname="org.apache.struts.taglib.TestTagUtils" name="testString_getActionMappingURL_String_PageContext" time="0"/>
  <testcase classname="org.apache.struts.taglib.TestTagUtils" name="testString_getActionMappingURL_String_String_PageContext_boolean3" time="0.001"/>
  <testcase classname="org.apache.struts.taglib.TestTagUtils" name="testString_getActionMappingURL_String_String_PageContext_boolean4" time="0"/>
  <testcase classname="org.apache.struts.taglib.TestTagUtils" name="testString_getActionMappingURL_String_String_PageContext_boolean5" time="0"/>
  <testcase classname="org.apache.struts.taglib.TestTagUtils" name="testString_getActionMappingURL_String_String_PageContext_boolean6" time="0"/>
  <testcase classname="org.apache.struts.taglib.TestTagUtils" name="testActionMessages_getActionMessages_PageContext_String1" time="0.001"/>
  <testcase classname="org.apache.struts.taglib.TestTagUtils" name="testActionMessages_getActionMessages_PageContext_String2" time="0"/>
  <testcase classname="org.apache.struts.taglib.TestTagUtils" name="testModuleConfig_getModuleConfig_PageContext" time="0"/>
  <testcase classname="org.apache.struts.taglib.TestTagUtils" name="testString_getActionMappingURL_String_String_PageContext_boolean1" time="0.001"/>
  <testcase classname="org.apache.struts.taglib.TestTagUtils" name="testComputeParametersInvalidScope" time="0"/>
  <testcase classname="org.apache.struts.taglib.TestTagUtils" name="testActionMessages_getActionMessages_PageContext_String3" time="0"/>
  <testcase classname="org.apache.struts.taglib.TestTagUtils" name="testActionMessages_getActionMessages_PageContext_String4" time="0"/>
  <testcase classname="org.apache.struts.taglib.TestTagUtils" name="testActionMessages_getActionMessages_PageContext_String5" time="0.001"/>
  <testcase classname="org.apache.struts.taglib.TestTagUtils" name="testActionMessages_getActionMessages_PageContext_String6" time="0"/>
  <testcase classname="org.apache.struts.taglib.TestTagUtils" name="testLocale_getUserLocale_PageContext_String" time="0"/>
  <testcase classname="org.apache.struts.taglib.TestTagUtils" name="test_boolean_isXhtml_PageContext" time="0"/>
  <testcase classname="org.apache.struts.taglib.TestTagUtils" name="test_Object_lookup_PageContext_String__String1" time="0.001"/>
  <testcase classname="org.apache.struts.taglib.TestTagUtils" name="test_Object_lookup_PageContext_String__String2" time="0"/>
  <testcase classname="org.apache.struts.taglib.TestTagUtils" name="test_Object_lookup_PageContext_String__String3" time="0"/>
  <testcase classname="org.apache.struts.taglib.TestTagUtils" name="test_Object_lookup_PageContext_String_String_String1" time="0"/>
  <testcase classname="org.apache.struts.taglib.TestTagUtils" name="test_Object_lookup_PageContext_String_String_String2" time="0.005"/>
  <testcase classname="org.apache.struts.taglib.TestTagUtils" name="test_Object_lookup_PageContext_String_String_String3" time="0.001"/>
  <testcase classname="org.apache.struts.taglib.TestTagUtils" name="testMessageBadParams" time="0"/>
  <testcase classname="org.apache.struts.taglib.TestTagUtils" name="testMessageRequestBadKey" time="0.003"/>
  <testcase classname="org.apache.struts.taglib.TestTagUtils" name="testMessageSessionBadKey" time="0"/>
  <testcase classname="org.apache.struts.taglib.TestTagUtils" name="testMessageApplicationBadKey" time="0.003"/>
  <testcase classname="org.apache.struts.taglib.TestTagUtils" name="testMessageRequestGoodKey" time="0.001"/>
  <testcase classname="org.apache.struts.taglib.TestTagUtils" name="testMessageApplicationGoodKey" time="0"/>
  <testcase classname="org.apache.struts.taglib.TestTagUtils" name="testMessageRequestGoodKeyWithNullParams" time="0.001"/>
  <testcase classname="org.apache.struts.taglib.TestTagUtils" name="testMessageApplicationGoodKeyWithNullParams" time="0.001"/>
  <testcase classname="org.apache.struts.taglib.TestTagUtils" name="testPresentNulls" time="0"/>
  <testcase classname="org.apache.struts.taglib.TestTagUtils" name="testComputeParameters0a" time="0"/>
  <testcase classname="org.apache.struts.taglib.TestTagUtils" name="testComputeParametersParamIdParamPropThrowException" time="0.001"/>
  <testcase classname="org.apache.struts.taglib.TestTagUtils" name="testFilter" time="0"/>
  <testcase classname="org.apache.struts.taglib.TestTagUtils" name="testString_getActionMappingURL_String_String_PageContext_boolean2" time="0.001"/>
  <testcase classname="org.apache.struts.taglib.TestTagUtils" name="testComputeParametersPropertyThrowsException" time="0"/>
  <testcase classname="org.apache.struts.taglib.TestTagUtils" name="testMessageRequestGoodKeyWithParams" time="0.004"/>
  <testcase classname="org.apache.struts.taglib.TestTagUtils" name="testMessageApplicationGoodKeyWithParams" time="0.004"/>
  <testcase classname="org.apache.struts.taglib.TestTagUtils" name="testPresentBadKey" time="0.002"/>
  <testcase classname="org.apache.struts.taglib.TestTagUtils" name="testPresentGoodKey" time="0"/>
  <testcase classname="org.apache.struts.taglib.TestTagUtils" name="testWriteNullParams" time="0"/>
  <testcase classname="org.apache.struts.taglib.TestTagUtils" name="testWrite" time="0.001"/>
  <testcase classname="org.apache.struts.taglib.TestTagUtils" name="testWriteThrowException" time="0"/>
  <testcase classname="org.apache.struts.taglib.TestTagUtils" name="testWritePrevious" time="0"/>
  <testcase classname="org.apache.struts.taglib.TestTagUtils" name="testWritePreviousThrowException" time="0.001"/>
  <testcase classname="org.apache.struts.taglib.TestTagUtils" name="testWritePreviousBody" time="0"/>
  <testcase classname="org.apache.struts.taglib.TestTagUtils" name="testOverrideInstance" time="0"/>
</testsuite>