<?xml version="1.0" encoding="UTF-8" ?>
<testsuite tests="46" failures="0" name="org.apache.struts.action.TestDynaActionForm" time="0.061" errors="0" skipped="0">
  <properties>
    <property name="java.runtime.name" value="OpenJDK Runtime Environment"/>
    <property name="sun.boot.library.path" value="/usr/lib/jvm/zulu-8-amd64/jre/lib/amd64"/>
    <property name="java.vm.version" value="25.402-b06"/>
    <property name="jdk.vendor.version" value="Zulu 8.76.0.17-CA-linux64"/>
    <property name="java.vm.vendor" value="Azul Systems, Inc."/>
    <property name="maven.multiModuleProjectDirectory" value="/home/abdul/Documents/Work/Struts1/struts1-STRUTS_1_3_10"/>
    <property name="java.vendor.url" value="http://www.azul.com/"/>
    <property name="path.separator" value=":"/>
    <property name="guice.disable.misplaced.annotation.check" value="true"/>
    <property name="java.vm.name" value="OpenJDK 64-Bit Server VM"/>
    <property name="file.encoding.pkg" value="sun.io"/>
    <property name="user.country" value="IN"/>
    <property name="sun.java.launcher" value="SUN_STANDARD"/>
    <property name="sun.os.patch.level" value="unknown"/>
    <property name="java.vm.specification.name" value="Java Virtual Machine Specification"/>
    <property name="user.dir" value="/home/abdul/Documents/Work/Struts1/struts1-STRUTS_1_3_10"/>
    <property name="java.runtime.version" value="1.8.0_402-b06"/>
    <property name="java.awt.graphicsenv" value="sun.awt.X11GraphicsEnvironment"/>
    <property name="java.endorsed.dirs" value="/usr/lib/jvm/zulu-8-amd64/jre/lib/endorsed"/>
    <property name="os.arch" value="amd64"/>
    <property name="java.io.tmpdir" value="/tmp"/>
    <property name="line.separator" value="
"/>
    <property name="java.vm.specification.vendor" value="Oracle Corporation"/>
    <property name="os.name" value="Linux"/>
    <property name="classworlds.conf" value="/usr/share/maven/bin/m2.conf"/>
    <property name="sun.jnu.encoding" value="UTF-8"/>
    <property name="java.library.path" value="/usr/java/packages/lib/amd64:/usr/lib64:/lib64:/lib:/usr/lib"/>
    <property name="maven.conf" value="/usr/share/maven/conf"/>
    <property name="java.specification.name" value="Java Platform API Specification"/>
    <property name="java.class.version" value="52.0"/>
    <property name="sun.management.compiler" value="HotSpot 64-Bit Tiered Compilers"/>
    <property name="os.version" value="5.4.0-150-generic"/>
    <property name="library.jansi.path" value="/usr/share/maven/lib/jansi-native"/>
    <property name="user.home" value="/home/abdul"/>
    <property name="user.timezone" value="Asia/Kolkata"/>
    <property name="java.awt.printerjob" value="sun.print.PSPrinterJob"/>
    <property name="java.specification.version" value="1.8"/>
    <property name="file.encoding" value="UTF-8"/>
    <property name="user.name" value="abdul"/>
    <property name="java.class.path" value="/usr/share/maven/boot/plexus-classworlds-2.x.jar"/>
    <property name="java.vm.specification.version" value="1.8"/>
    <property name="sun.arch.data.model" value="64"/>
    <property name="java.home" value="/usr/lib/jvm/zulu-8-amd64/jre"/>
    <property name="sun.java.command" value="org.codehaus.plexus.classworlds.launcher.Launcher -e clean package"/>
    <property name="java.specification.vendor" value="Oracle Corporation"/>
    <property name="user.language" value="en"/>
    <property name="awt.toolkit" value="sun.awt.X11.XToolkit"/>
    <property name="java.vm.info" value="mixed mode"/>
    <property name="java.version" value="1.8.0_402"/>
    <property name="java.ext.dirs" value="/usr/lib/jvm/zulu-8-amd64/jre/lib/ext:/usr/java/packages/lib/ext"/>
    <property name="securerandom.source" value="file:/dev/./urandom"/>
    <property name="sun.boot.class.path" value="/usr/lib/jvm/zulu-8-amd64/jre/lib/resources.jar:/usr/lib/jvm/zulu-8-amd64/jre/lib/rt.jar:/usr/lib/jvm/zulu-8-amd64/jre/lib/sunrsasign.jar:/usr/lib/jvm/zulu-8-amd64/jre/lib/jsse.jar:/usr/lib/jvm/zulu-8-amd64/jre/lib/jce.jar:/usr/lib/jvm/zulu-8-amd64/jre/lib/charsets.jar:/usr/lib/jvm/zulu-8-amd64/jre/lib/jfr.jar:/usr/lib/jvm/zulu-8-amd64/jre/lib/cat.jar:/usr/lib/jvm/zulu-8-amd64/jre/classes"/>
    <property name="java.vendor" value="Azul Systems, Inc."/>
    <property name="java.specification.maintenance.version" value="5"/>
    <property name="maven.home" value="/usr/share/maven"/>
    <property name="file.separator" value="/"/>
    <property name="java.vendor.url.bug" value="http://www.azul.com/support/"/>
    <property name="sun.cpu.endian" value="little"/>
    <property name="sun.io.unicode.encoding" value="UnicodeLittle"/>
    <property name="sun.desktop" value="gnome"/>
    <property name="sun.cpu.isalist" value=""/>
  </properties>
  <testcase classname="org.apache.struts.action.TestDynaActionForm" name="testBeanCreate" time="0.003"/>
  <testcase classname="org.apache.struts.action.TestDynaActionForm" name="testGetSimpleInt" time="0.002"/>
  <testcase classname="org.apache.struts.action.TestDynaActionForm" name="testIndexedInitialize" time="0.002"/>
  <testcase classname="org.apache.struts.action.TestDynaActionForm" name="testScalarInitialize" time="0.001"/>
  <testcase classname="org.apache.struts.action.TestDynaActionForm" name="testGetDescriptorArguments" time="0.002"/>
  <testcase classname="org.apache.struts.action.TestDynaActionForm" name="testGetDescriptorBoolean" time="0.002"/>
  <testcase classname="org.apache.struts.action.TestDynaActionForm" name="testGetDescriptorDouble" time="0.002"/>
  <testcase classname="org.apache.struts.action.TestDynaActionForm" name="testGetDescriptorFloat" time="0.001"/>
  <testcase classname="org.apache.struts.action.TestDynaActionForm" name="testGetDescriptorInt" time="0"/>
  <testcase classname="org.apache.struts.action.TestDynaActionForm" name="testGetDescriptorLong" time="0.001"/>
  <testcase classname="org.apache.struts.action.TestDynaActionForm" name="testGetDescriptorSecond" time="0.002"/>
  <testcase classname="org.apache.struts.action.TestDynaActionForm" name="testGetDescriptorShort" time="0.002"/>
  <testcase classname="org.apache.struts.action.TestDynaActionForm" name="testGetDescriptorString" time="0.002"/>
  <testcase classname="org.apache.struts.action.TestDynaActionForm" name="testGetDescriptors" time="0.001"/>
  <testcase classname="org.apache.struts.action.TestDynaActionForm" name="testGetIndexedArguments" time="0.002"/>
  <testcase classname="org.apache.struts.action.TestDynaActionForm" name="testGetIndexedValues" time="0.002"/>
  <testcase classname="org.apache.struts.action.TestDynaActionForm" name="testGetMappedArguments" time="0.001"/>
  <testcase classname="org.apache.struts.action.TestDynaActionForm" name="testGetMappedValues" time="0.002"/>
  <testcase classname="org.apache.struts.action.TestDynaActionForm" name="testGetSimpleArguments" time="0.001"/>
  <testcase classname="org.apache.struts.action.TestDynaActionForm" name="testGetSimpleBoolean" time="0.001"/>
  <testcase classname="org.apache.struts.action.TestDynaActionForm" name="testGetSimpleDouble" time="0.001"/>
  <testcase classname="org.apache.struts.action.TestDynaActionForm" name="testGetSimpleFloat" time="0.002"/>
  <testcase classname="org.apache.struts.action.TestDynaActionForm" name="testGetSimpleLong" time="0.001"/>
  <testcase classname="org.apache.struts.action.TestDynaActionForm" name="testGetSimpleShort" time="0.002"/>
  <testcase classname="org.apache.struts.action.TestDynaActionForm" name="testGetSimpleString" time="0.001"/>
  <testcase classname="org.apache.struts.action.TestDynaActionForm" name="testMappedContains" time="0.002"/>
  <testcase classname="org.apache.struts.action.TestDynaActionForm" name="testMappedRemove" time="0.001"/>
  <testcase classname="org.apache.struts.action.TestDynaActionForm" name="testResetGet" time="0.001"/>
  <testcase classname="org.apache.struts.action.TestDynaActionForm" name="testResetPost" time="0.002"/>
  <testcase classname="org.apache.struts.action.TestDynaActionForm" name="testSetIndexedArguments" time="0.002"/>
  <testcase classname="org.apache.struts.action.TestDynaActionForm" name="testSetIndexedValues" time="0.001"/>
  <testcase classname="org.apache.struts.action.TestDynaActionForm" name="testSetMappedValues" time="0.001"/>
  <testcase classname="org.apache.struts.action.TestDynaActionForm" name="testSetSimpleBoolean" time="0.002"/>
  <testcase classname="org.apache.struts.action.TestDynaActionForm" name="testSetSimpleDouble" time="0.001"/>
  <testcase classname="org.apache.struts.action.TestDynaActionForm" name="testSetSimpleFloat" time="0.001"/>
  <testcase classname="org.apache.struts.action.TestDynaActionForm" name="testSetSimpleInt" time="0.001"/>
  <testcase classname="org.apache.struts.action.TestDynaActionForm" name="testSetSimpleLong" time="0.001"/>
  <testcase classname="org.apache.struts.action.TestDynaActionForm" name="testSetSimpleShort" time="0.001"/>
  <testcase classname="org.apache.struts.action.TestDynaActionForm" name="testSetSimpleString" time="0"/>
  <testcase classname="org.apache.struts.action.TestDynaActionForm" name="testConfigAdd" time="0.003"/>
  <testcase classname="org.apache.struts.action.TestDynaActionForm" name="testConfigCreate" time="0"/>
  <testcase classname="org.apache.struts.action.TestDynaActionForm" name="testConfigDuplicate" time="0"/>
  <testcase classname="org.apache.struts.action.TestDynaActionForm" name="testConfigInitialValues" time="0"/>
  <testcase classname="org.apache.struts.action.TestDynaActionForm" name="testConfigProperties" time="0.001"/>
  <testcase classname="org.apache.struts.action.TestDynaActionForm" name="testConfigRemove" time="0.001"/>
  <testcase classname="org.apache.struts.action.TestDynaActionForm" name="testClassCreate" time="0"/>
</testsuite>